metersdk/build/intermediates/manifest_merge_blame_file/debug/manifest-merger-blame-debug-report.txt
1<?xml version="1.0" encoding="utf-8"?>
2<manifest xmlns:android="http://schemas.android.com/apk/res/android"
3    package="com.npcl.com.vcpopdl.metersdk" >
4
5    <uses-sdk android:minSdkVersion="21" />
6    <!-- Permissions required by MeterReadingSDK -->
7    <uses-permission android:name="android.permission.WRITE_EXTERNAL_STORAGE" />
7-->src\main\AndroidManifest.xml:4:5-81
7-->src\main\AndroidManifest.xml:4:22-78
8    <uses-permission android:name="android.permission.READ_EXTERNAL_STORAGE" />
8-->src\main\AndroidManifest.xml:5:5-80
8-->src\main\AndroidManifest.xml:5:22-77
9    <uses-permission android:name="android.permission.MANAGE_EXTERNAL_STORAGE" />
9-->src\main\AndroidManifest.xml:6:5-82
9-->src\main\AndroidManifest.xml:6:22-79
10
11    <uses-feature
11-->src\main\AndroidManifest.xml:7:5-86
12        android:name="android.hardware.usb.host"
12-->src\main\AndroidManifest.xml:7:19-59
13        android:required="true" />
13-->src\main\AndroidManifest.xml:7:60-83
14
15    <application>
15-->src\main\AndroidManifest.xml:9:5-15:19
16        <activity
16-->src\main\AndroidManifest.xml:10:9-14:76
17            android:name="com.npcl.com.vcpopdl.metersdk.MeterReaderActivity"
17-->src\main\AndroidManifest.xml:11:13-48
18            android:configChanges="orientation|screenSize|keyboardHidden"
18-->src\main\AndroidManifest.xml:14:13-74
19            android:exported="true"
19-->src\main\AndroidManifest.xml:12:13-36
20            android:label="Meter Reader" />
20-->src\main\AndroidManifest.xml:13:13-41
21    </application>
22
23</manifest>